0 verbose cli /usr/bin/node /usr/bin/npm
1 info using npm@9.2.0
2 info using node@v18.19.1
3 timing npm:load:whichnode Completed in 1ms
4 timing config:load:defaults Completed in 6ms
5 timing config:load:file:/usr/share/nodejs/npm/npmrc Completed in 15ms
6 timing config:load:builtin Completed in 15ms
7 timing config:load:cli Completed in 14ms
8 timing config:load:env Completed in 1ms
9 timing config:load:file:/home/maxie/SignalForge/.npmrc Completed in 2ms
10 timing config:load:project Completed in 14ms
11 timing config:load:file:/home/maxie/.npmrc Completed in 13ms
12 timing config:load:user Completed in 26ms
13 timing config:load:file:/etc/npmrc Completed in 2ms
14 timing config:load:global Completed in 2ms
15 timing config:load:setEnvs Completed in 3ms
16 timing config:load Completed in 84ms
17 timing npm:load:configload Completed in 85ms
18 timing npm:load:mkdirpcache Completed in 9ms
19 timing npm:load:mkdirplogs Completed in 3ms
20 verbose title npm ci
21 verbose argv "ci" "--cache" ".npm-cache" "--prefer-offline"
22 timing npm:load:setTitle Completed in 11ms
23 timing config:load:flatten Completed in 11ms
24 timing npm:load:display Completed in 14ms
25 verbose logfile logs-max:10 dir:/home/maxie/SignalForge/.npm-cache/_logs/2026-01-30T12_26_12_194Z-
26 verbose logfile /home/maxie/SignalForge/.npm-cache/_logs/2026-01-30T12_26_12_194Z-debug-0.log
27 timing npm:load:logFile Completed in 40ms
28 timing npm:load:timers Completed in 0ms
29 timing npm:load:configScope Completed in 0ms
30 timing npm:load Completed in 166ms
31 timing config:load:flatten Completed in 1ms
32 timing arborist:ctor Completed in 3ms
33 silly logfile done cleaning log files
34 timing idealTree:init Completed in 3ms
35 timing idealTree:userRequests Completed in 0ms
36 silly idealTree buildDeps
37 timing idealTree:#root Completed in 0ms
38 timing idealTree:buildDeps Completed in 2ms
39 timing idealTree:fixDepFlags Completed in 0ms
40 timing idealTree Completed in 9ms
41 timing npm-ci:rm Completed in 3ms
42 timing reify:loadTrees Completed in 8ms
43 timing reify:diffTrees Completed in 2ms
44 silly reify moves {}
45 timing reify:retireShallow Completed in 5ms
46 timing reify:createSparse Completed in 0ms
47 timing reify:loadBundles Completed in 0ms
48 timing reify:unpack Completed in 0ms
49 timing reify:unretire Completed in 0ms
50 timing build:queue Completed in 0ms
51 timing build:deps Completed in 1ms
52 timing build Completed in 1ms
53 timing reify:build Completed in 2ms
54 timing reify:trash Completed in 0ms
55 timing reify Completed in 33ms
56 timing command:ci Completed in 121ms
57 verbose stack Error: ENOENT: no such file or directory, open '/home/maxie/SignalForge/package.json'
58 verbose cwd /home/maxie/SignalForge
59 verbose Linux 6.14.0-37-generic
60 verbose node v18.19.1
61 verbose npm  v9.2.0
62 error code ENOENT
63 error syscall open
64 error path /home/maxie/SignalForge/package.json
65 error errno -2
66 error enoent ENOENT: no such file or directory, open '/home/maxie/SignalForge/package.json'
67 error enoent This is related to npm not being able to find a file.
67 error enoent
68 verbose exit -2
69 timing npm Completed in 354ms
70 verbose code -2
71 error A complete log of this run can be found in:
71 error     /home/maxie/SignalForge/.npm-cache/_logs/2026-01-30T12_26_12_194Z-debug-0.log
